<?xml version="1.0" encoding="UTF-8"?>
<!-- Generated by org.testng.reporters.JUnitXMLReporter -->
<testsuite ignored="0" hostname="LAPTOP-8E91KTDJ" failures="1" tests="16" name="Test TutorialNinja ITestListener ScreenShot" time="104.255" errors="0" timestamp="2023-07-13T11:53:33 EDT">
  <testcase classname="com.TutorialsNinja.Qa.TestCases.Register_Test" name="verifyRegisteringAnAccountwithMandatoryFields" time="2.2"/>
  <testcase classname="com.TutorialsNinja.Qa.TestCases.Register_Test" name="verifyRegisteringAnAccountwithAllFields" time="1.985"/>
  <testcase classname="com.TutorialsNinja.Qa.TestCases.Register_Test" name="verifyRegisteringAnAccountwithExistingEmailAddress" time="1.606"/>
  <testcase classname="com.TutorialsNinja.Qa.TestCases.Register_Test" name="verifyRegisteringAnAccountWithOutFillingAnyDetails" time="0.862"/>
  <testcase classname="com.TutorialsNinja.Qa.TestCases.Register_Test" name="verifyRegisteringAnAccountWarningStatusWithoutFillingAnyDetails" time="0.87"/>
  <testcase classname="com.TutorialsNinja.Qa.TestCases.Search_02_Test" name="verifySearchWithValidProduct" time="1.014"/>
  <testcase classname="com.TutorialsNinja.Qa.TestCases.Search_02_Test" name="verifySearchWithInvalidProduct" time="0.763">
    <failure type="java.lang.AssertionError" message="No_Product Message from search message is not Displayed... expected [There is no product that matches the search criteria. abcd ] but found [There is no product that matches the search criteria.]">
      <![CDATA[java.lang.AssertionError: No_Product Message from search message is not Displayed... expected [There is no product that matches the search criteria. abcd ] but found [There is no product that matches the search criteria.]
at com.TutorialsNinja.Qa.TestCases.Search_02_Test.verifySearchWithInvalidProduct(Search_02_Test.java:96)
at java.base/java.util.ArrayList.forEach(ArrayList.java:1511)
... Removed 36 stack frames]]>
    </failure>
  </testcase> <!-- verifySearchWithInvalidProduct -->
  <testcase classname="com.TutorialsNinja.Qa.TestCases.Search_02_Test" name="verifySearchWithoutAnyProduct" time="0.0">
    <skipped/>
  </testcase> <!-- verifySearchWithoutAnyProduct -->
  <testcase classname="com.TutorialsNinja.Qa.TestCases.Login_Test" name="verifyLoginWithValidCredentials" time="1.198"/>
  <testcase classname="com.TutorialsNinja.Qa.TestCases.Login_Test" name="verifyLoginwithInvalidEmailValidPasswordCredentialsDynamic" time="0.978"/>
  <testcase classname="com.TutorialsNinja.Qa.TestCases.Login_Test" name="verifyLoginwithInvalidCredentials" time="0.883"/>
  <testcase classname="com.TutorialsNinja.Qa.TestCases.Login_Test" name="verifyLoginwithValidEmailInvalidPassword" time="0.887"/>
  <testcase classname="com.TutorialsNinja.Qa.TestCases.Login_Test" name="verifyLoginWithoutProvidingCredentials" time="0.642"/>
  <testcase classname="com.TutorialsNinja.Qa.TestCases.Search_Test" name="verifySearchWithValidProduct" time="1.033"/>
  <testcase classname="com.TutorialsNinja.Qa.TestCases.Search_Test" name="verifySearchWithInvalidProduct" time="0.834"/>
  <testcase classname="com.TutorialsNinja.Qa.TestCases.Search_Test" name="verifySearchWithoutAnyProduct" time="0.63"/>
</testsuite> <!-- Test TutorialNinja ITestListener ScreenShot -->
