<?xml version="1.0" encoding="UTF-8"?>
<testng-results ignored="0" total="16" passed="14" failed="1" skipped="1">
  <reporter-output>
  </reporter-output>
  <suite started-at="2023-07-13T11:51:48 EDT" name="Suite" finished-at="2023-07-13T11:53:33 EDT" duration-ms="104255">
    <groups>
    </groups>
    <test started-at="2023-07-13T11:51:48 EDT" name="Test TutorialNinja ITestListener ScreenShot" finished-at="2023-07-13T11:53:33 EDT" duration-ms="104255">
      <class name="com.TutorialsNinja.Qa.TestCases.Search_02_Test">
        <test-method is-config="true" signature="setUp()[pri:0, instance:com.TutorialsNinja.Qa.TestCases.Search_02_Test@16d04d3d]" started-at="2023-07-13T11:52:29 EDT" name="setUp" finished-at="2023-07-13T11:52:34 EDT" duration-ms="4849" status="PASS">
          <reporter-output>
          </reporter-output>
        </test-method> <!-- setUp -->
        <test-method signature="verifySearchWithValidProduct()[pri:1, instance:com.TutorialsNinja.Qa.TestCases.Search_02_Test@16d04d3d]" started-at="2023-07-13T11:52:34 EDT" name="verifySearchWithValidProduct" finished-at="2023-07-13T11:52:35 EDT" duration-ms="1014" status="PASS">
          <reporter-output>
          </reporter-output>
        </test-method> <!-- verifySearchWithValidProduct -->
        <test-method is-config="true" signature="tearDown()[pri:0, instance:com.TutorialsNinja.Qa.TestCases.Search_02_Test@16d04d3d]" started-at="2023-07-13T11:52:35 EDT" name="tearDown" finished-at="2023-07-13T11:52:35 EDT" duration-ms="231" status="PASS">
          <reporter-output>
          </reporter-output>
        </test-method> <!-- tearDown -->
        <test-method is-config="true" signature="setUp()[pri:0, instance:com.TutorialsNinja.Qa.TestCases.Search_02_Test@16d04d3d]" started-at="2023-07-13T11:52:35 EDT" name="setUp" finished-at="2023-07-13T11:52:40 EDT" duration-ms="4694" status="PASS">
          <reporter-output>
          </reporter-output>
        </test-method> <!-- setUp -->
        <test-method signature="verifySearchWithInvalidProduct()[pri:2, instance:com.TutorialsNinja.Qa.TestCases.Search_02_Test@16d04d3d]" started-at="2023-07-13T11:52:40 EDT" name="verifySearchWithInvalidProduct" finished-at="2023-07-13T11:52:41 EDT" duration-ms="763" status="FAIL">
          <exception class="java.lang.AssertionError">
            <message>
              <![CDATA[No_Product Message from search message is not Displayed... expected [There is no product that matches the search criteria. abcd ] but found [There is no product that matches the search criteria.]]]>
            </message>
            <full-stacktrace>
              <![CDATA[java.lang.AssertionError: No_Product Message from search message is not Displayed... expected [There is no product that matches the search criteria. abcd ] but found [There is no product that matches the search criteria.]
at org.testng.Assert.fail(Assert.java:111)
at org.testng.Assert.failNotEquals(Assert.java:1578)
at org.testng.Assert.assertEqualsImpl(Assert.java:150)
at org.testng.Assert.assertEquals(Assert.java:132)
at org.testng.Assert.assertEquals(Assert.java:656)
at com.TutorialsNinja.Qa.TestCases.Search_02_Test.verifySearchWithInvalidProduct(Search_02_Test.java:96)
at java.base/jdk.internal.reflect.NativeMethodAccessorImpl.invoke0(Native Method)
at java.base/jdk.internal.reflect.NativeMethodAccessorImpl.invoke(NativeMethodAccessorImpl.java:77)
at java.base/jdk.internal.reflect.DelegatingMethodAccessorImpl.invoke(DelegatingMethodAccessorImpl.java:43)
at java.base/java.lang.reflect.Method.invoke(Method.java:568)
at org.testng.internal.invokers.MethodInvocationHelper.invokeMethod(MethodInvocationHelper.java:139)
at org.testng.internal.invokers.TestInvoker.invokeMethod(TestInvoker.java:664)
at org.testng.internal.invokers.TestInvoker.invokeTestMethod(TestInvoker.java:227)
at org.testng.internal.invokers.MethodRunner.runInSequence(MethodRunner.java:50)
at org.testng.internal.invokers.TestInvoker$MethodInvocationAgent.invoke(TestInvoker.java:957)
at org.testng.internal.invokers.TestInvoker.invokeTestMethods(TestInvoker.java:200)
at org.testng.internal.invokers.TestMethodWorker.invokeTestMethods(TestMethodWorker.java:148)
at org.testng.internal.invokers.TestMethodWorker.run(TestMethodWorker.java:128)
at java.base/java.util.ArrayList.forEach(ArrayList.java:1511)
at org.testng.TestRunner.privateRun(TestRunner.java:848)
at org.testng.TestRunner.run(TestRunner.java:621)
at org.testng.SuiteRunner.runTest(SuiteRunner.java:443)
at org.testng.SuiteRunner.runSequentially(SuiteRunner.java:437)
at org.testng.SuiteRunner.privateRun(SuiteRunner.java:397)
at org.testng.SuiteRunner.run(SuiteRunner.java:336)
at org.testng.SuiteRunnerWorker.runSuite(SuiteRunnerWorker.java:52)
at org.testng.SuiteRunnerWorker.run(SuiteRunnerWorker.java:95)
at org.testng.TestNG.runSuitesSequentially(TestNG.java:1280)
at org.testng.TestNG.runSuitesLocally(TestNG.java:1200)
at org.testng.TestNG.runSuites(TestNG.java:1114)
at org.testng.TestNG.run(TestNG.java:1082)
at org.apache.maven.surefire.testng.TestNGExecutor.run(TestNGExecutor.java:308)
at org.apache.maven.surefire.testng.TestNGXmlTestSuite.execute(TestNGXmlTestSuite.java:71)
at org.apache.maven.surefire.testng.TestNGProvider.invoke(TestNGProvider.java:113)
at org.apache.maven.surefire.booter.ForkedBooter.runSuitesInProcess(ForkedBooter.java:385)
at org.apache.maven.surefire.booter.ForkedBooter.execute(ForkedBooter.java:162)
at org.apache.maven.surefire.booter.ForkedBooter.run(ForkedBooter.java:507)
at org.apache.maven.surefire.booter.ForkedBooter.main(ForkedBooter.java:495)
]]>
            </full-stacktrace>
          </exception> <!-- java.lang.AssertionError -->
          <reporter-output>
          </reporter-output>
        </test-method> <!-- verifySearchWithInvalidProduct -->
        <test-method is-config="true" signature="tearDown()[pri:0, instance:com.TutorialsNinja.Qa.TestCases.Search_02_Test@16d04d3d]" started-at="2023-07-13T11:52:41 EDT" name="tearDown" finished-at="2023-07-13T11:52:41 EDT" duration-ms="263" status="PASS">
          <reporter-output>
          </reporter-output>
        </test-method> <!-- tearDown -->
        <test-method signature="verifySearchWithoutAnyProduct()[pri:3, instance:com.TutorialsNinja.Qa.TestCases.Search_02_Test@16d04d3d]" started-at="2023-07-13T11:52:41 EDT" name="verifySearchWithoutAnyProduct" finished-at="2023-07-13T11:52:41 EDT" depends-on-methods="com.TutorialsNinja.Qa.TestCases.Search_02_Test.verifySearchWithInvalidProduct" duration-ms="0" status="SKIP">
          <exception class="java.lang.Throwable">
            <message>
              <![CDATA[Method com.TutorialsNinja.Qa.TestCases.Search_02_Test.verifySearchWithoutAnyProduct() on instance com.TutorialsNinja.Qa.TestCases.Search_02_Test@16d04d3d depends on not successfully finished methods 
[com.TutorialsNinja.Qa.TestCases.Search_02_Test.verifySearchWithInvalidProduct() on instance com.TutorialsNinja.Qa.TestCases.Search_02_Test@16d04d3d]]]>
            </message>
            <full-stacktrace>
              <![CDATA[java.lang.Throwable: Method com.TutorialsNinja.Qa.TestCases.Search_02_Test.verifySearchWithoutAnyProduct() on instance com.TutorialsNinja.Qa.TestCases.Search_02_Test@16d04d3d depends on not successfully finished methods 
[com.TutorialsNinja.Qa.TestCases.Search_02_Test.verifySearchWithInvalidProduct() on instance com.TutorialsNinja.Qa.TestCases.Search_02_Test@16d04d3d]
at org.testng.internal.invokers.TestInvoker.invokeTestMethods(TestInvoker.java:156)
at org.testng.internal.invokers.TestMethodWorker.invokeTestMethods(TestMethodWorker.java:148)
at org.testng.internal.invokers.TestMethodWorker.run(TestMethodWorker.java:128)
at java.base/java.util.ArrayList.forEach(ArrayList.java:1511)
at org.testng.TestRunner.privateRun(TestRunner.java:848)
at org.testng.TestRunner.run(TestRunner.java:621)
at org.testng.SuiteRunner.runTest(SuiteRunner.java:443)
at org.testng.SuiteRunner.runSequentially(SuiteRunner.java:437)
at org.testng.SuiteRunner.privateRun(SuiteRunner.java:397)
at org.testng.SuiteRunner.run(SuiteRunner.java:336)
at org.testng.SuiteRunnerWorker.runSuite(SuiteRunnerWorker.java:52)
at org.testng.SuiteRunnerWorker.run(SuiteRunnerWorker.java:95)
at org.testng.TestNG.runSuitesSequentially(TestNG.java:1280)
at org.testng.TestNG.runSuitesLocally(TestNG.java:1200)
at org.testng.TestNG.runSuites(TestNG.java:1114)
at org.testng.TestNG.run(TestNG.java:1082)
at org.apache.maven.surefire.testng.TestNGExecutor.run(TestNGExecutor.java:308)
at org.apache.maven.surefire.testng.TestNGXmlTestSuite.execute(TestNGXmlTestSuite.java:71)
at org.apache.maven.surefire.testng.TestNGProvider.invoke(TestNGProvider.java:113)
at org.apache.maven.surefire.booter.ForkedBooter.runSuitesInProcess(ForkedBooter.java:385)
at org.apache.maven.surefire.booter.ForkedBooter.execute(ForkedBooter.java:162)
at org.apache.maven.surefire.booter.ForkedBooter.run(ForkedBooter.java:507)
at org.apache.maven.surefire.booter.ForkedBooter.main(ForkedBooter.java:495)
]]>
            </full-stacktrace>
          </exception> <!-- java.lang.Throwable -->
          <reporter-output>
          </reporter-output>
        </test-method> <!-- verifySearchWithoutAnyProduct -->
      </class> <!-- com.TutorialsNinja.Qa.TestCases.Search_02_Test -->
      <class name="com.TutorialsNinja.Qa.TestCases.Register_Test">
        <test-method is-config="true" signature="setUp()[pri:0, instance:com.TutorialsNinja.Qa.TestCases.Register_Test@2e005c4b]" started-at="2023-07-13T11:51:49 EDT" name="setUp" finished-at="2023-07-13T11:51:57 EDT" duration-ms="8079" status="PASS">
          <reporter-output>
          </reporter-output>
        </test-method> <!-- setUp -->
        <test-method signature="verifyRegisteringAnAccountwithMandatoryFields()[pri:1, instance:com.TutorialsNinja.Qa.TestCases.Register_Test@2e005c4b]" started-at="2023-07-13T11:51:57 EDT" name="verifyRegisteringAnAccountwithMandatoryFields" finished-at="2023-07-13T11:51:59 EDT" duration-ms="2200" status="PASS">
          <reporter-output>
          </reporter-output>
        </test-method> <!-- verifyRegisteringAnAccountwithMandatoryFields -->
        <test-method is-config="true" signature="tearDown()[pri:0, instance:com.TutorialsNinja.Qa.TestCases.Register_Test@2e005c4b]" started-at="2023-07-13T11:51:59 EDT" name="tearDown" finished-at="2023-07-13T11:51:59 EDT" duration-ms="317" status="PASS">
          <reporter-output>
          </reporter-output>
        </test-method> <!-- tearDown -->
        <test-method is-config="true" signature="setUp()[pri:0, instance:com.TutorialsNinja.Qa.TestCases.Register_Test@2e005c4b]" started-at="2023-07-13T11:51:59 EDT" name="setUp" finished-at="2023-07-13T11:52:05 EDT" duration-ms="5871" status="PASS">
          <reporter-output>
          </reporter-output>
        </test-method> <!-- setUp -->
        <test-method signature="verifyRegisteringAnAccountwithAllFields()[pri:2, instance:com.TutorialsNinja.Qa.TestCases.Register_Test@2e005c4b]" started-at="2023-07-13T11:52:05 EDT" name="verifyRegisteringAnAccountwithAllFields" finished-at="2023-07-13T11:52:07 EDT" duration-ms="1985" status="PASS">
          <reporter-output>
          </reporter-output>
        </test-method> <!-- verifyRegisteringAnAccountwithAllFields -->
        <test-method is-config="true" signature="tearDown()[pri:0, instance:com.TutorialsNinja.Qa.TestCases.Register_Test@2e005c4b]" started-at="2023-07-13T11:52:07 EDT" name="tearDown" finished-at="2023-07-13T11:52:07 EDT" duration-ms="269" status="PASS">
          <reporter-output>
          </reporter-output>
        </test-method> <!-- tearDown -->
        <test-method is-config="true" signature="setUp()[pri:0, instance:com.TutorialsNinja.Qa.TestCases.Register_Test@2e005c4b]" started-at="2023-07-13T11:52:07 EDT" name="setUp" finished-at="2023-07-13T11:52:13 EDT" duration-ms="5833" status="PASS">
          <reporter-output>
          </reporter-output>
        </test-method> <!-- setUp -->
        <test-method signature="verifyRegisteringAnAccountwithExistingEmailAddress()[pri:3, instance:com.TutorialsNinja.Qa.TestCases.Register_Test@2e005c4b]" started-at="2023-07-13T11:52:13 EDT" name="verifyRegisteringAnAccountwithExistingEmailAddress" finished-at="2023-07-13T11:52:15 EDT" duration-ms="1606" status="PASS">
          <reporter-output>
          </reporter-output>
        </test-method> <!-- verifyRegisteringAnAccountwithExistingEmailAddress -->
        <test-method is-config="true" signature="tearDown()[pri:0, instance:com.TutorialsNinja.Qa.TestCases.Register_Test@2e005c4b]" started-at="2023-07-13T11:52:15 EDT" name="tearDown" finished-at="2023-07-13T11:52:15 EDT" duration-ms="250" status="PASS">
          <reporter-output>
          </reporter-output>
        </test-method> <!-- tearDown -->
        <test-method is-config="true" signature="setUp()[pri:0, instance:com.TutorialsNinja.Qa.TestCases.Register_Test@2e005c4b]" started-at="2023-07-13T11:52:15 EDT" name="setUp" finished-at="2023-07-13T11:52:21 EDT" duration-ms="5937" status="PASS">
          <reporter-output>
          </reporter-output>
        </test-method> <!-- setUp -->
        <test-method signature="verifyRegisteringAnAccountWithOutFillingAnyDetails()[pri:4, instance:com.TutorialsNinja.Qa.TestCases.Register_Test@2e005c4b]" started-at="2023-07-13T11:52:21 EDT" name="verifyRegisteringAnAccountWithOutFillingAnyDetails" finished-at="2023-07-13T11:52:22 EDT" duration-ms="862" status="PASS">
          <reporter-output>
          </reporter-output>
        </test-method> <!-- verifyRegisteringAnAccountWithOutFillingAnyDetails -->
        <test-method is-config="true" signature="tearDown()[pri:0, instance:com.TutorialsNinja.Qa.TestCases.Register_Test@2e005c4b]" started-at="2023-07-13T11:52:22 EDT" name="tearDown" finished-at="2023-07-13T11:52:22 EDT" duration-ms="270" status="PASS">
          <reporter-output>
          </reporter-output>
        </test-method> <!-- tearDown -->
        <test-method is-config="true" signature="setUp()[pri:0, instance:com.TutorialsNinja.Qa.TestCases.Register_Test@2e005c4b]" started-at="2023-07-13T11:52:22 EDT" name="setUp" finished-at="2023-07-13T11:52:28 EDT" duration-ms="5826" status="PASS">
          <reporter-output>
          </reporter-output>
        </test-method> <!-- setUp -->
        <test-method signature="verifyRegisteringAnAccountWarningStatusWithoutFillingAnyDetails()[pri:5, instance:com.TutorialsNinja.Qa.TestCases.Register_Test@2e005c4b]" started-at="2023-07-13T11:52:28 EDT" name="verifyRegisteringAnAccountWarningStatusWithoutFillingAnyDetails" finished-at="2023-07-13T11:52:29 EDT" duration-ms="870" status="PASS">
          <reporter-output>
          </reporter-output>
        </test-method> <!-- verifyRegisteringAnAccountWarningStatusWithoutFillingAnyDetails -->
        <test-method is-config="true" signature="tearDown()[pri:0, instance:com.TutorialsNinja.Qa.TestCases.Register_Test@2e005c4b]" started-at="2023-07-13T11:52:29 EDT" name="tearDown" finished-at="2023-07-13T11:52:29 EDT" duration-ms="241" status="PASS">
          <reporter-output>
          </reporter-output>
        </test-method> <!-- tearDown -->
      </class> <!-- com.TutorialsNinja.Qa.TestCases.Register_Test -->
      <class name="com.TutorialsNinja.Qa.TestCases.Search_Test">
        <test-method is-config="true" signature="setUp()[pri:0, instance:com.TutorialsNinja.Qa.TestCases.Search_Test@1d2adfbe]" started-at="2023-07-13T11:53:15 EDT" name="setUp" finished-at="2023-07-13T11:53:20 EDT" duration-ms="4802" status="PASS">
          <reporter-output>
          </reporter-output>
        </test-method> <!-- setUp -->
        <test-method signature="verifySearchWithValidProduct()[pri:1, instance:com.TutorialsNinja.Qa.TestCases.Search_Test@1d2adfbe]" started-at="2023-07-13T11:53:20 EDT" name="verifySearchWithValidProduct" finished-at="2023-07-13T11:53:21 EDT" duration-ms="1033" status="PASS">
          <reporter-output>
          </reporter-output>
        </test-method> <!-- verifySearchWithValidProduct -->
        <test-method is-config="true" signature="tearDown()[pri:0, instance:com.TutorialsNinja.Qa.TestCases.Search_Test@1d2adfbe]" started-at="2023-07-13T11:53:21 EDT" name="tearDown" finished-at="2023-07-13T11:53:21 EDT" duration-ms="265" status="PASS">
          <reporter-output>
          </reporter-output>
        </test-method> <!-- tearDown -->
        <test-method is-config="true" signature="setUp()[pri:0, instance:com.TutorialsNinja.Qa.TestCases.Search_Test@1d2adfbe]" started-at="2023-07-13T11:53:21 EDT" name="setUp" finished-at="2023-07-13T11:53:26 EDT" duration-ms="4837" status="PASS">
          <reporter-output>
          </reporter-output>
        </test-method> <!-- setUp -->
        <test-method signature="verifySearchWithInvalidProduct()[pri:2, instance:com.TutorialsNinja.Qa.TestCases.Search_Test@1d2adfbe]" started-at="2023-07-13T11:53:26 EDT" name="verifySearchWithInvalidProduct" finished-at="2023-07-13T11:53:27 EDT" duration-ms="834" status="PASS">
          <reporter-output>
          </reporter-output>
        </test-method> <!-- verifySearchWithInvalidProduct -->
        <test-method is-config="true" signature="tearDown()[pri:0, instance:com.TutorialsNinja.Qa.TestCases.Search_Test@1d2adfbe]" started-at="2023-07-13T11:53:27 EDT" name="tearDown" finished-at="2023-07-13T11:53:27 EDT" duration-ms="257" status="PASS">
          <reporter-output>
          </reporter-output>
        </test-method> <!-- tearDown -->
        <test-method is-config="true" signature="setUp()[pri:0, instance:com.TutorialsNinja.Qa.TestCases.Search_Test@1d2adfbe]" started-at="2023-07-13T11:53:27 EDT" name="setUp" finished-at="2023-07-13T11:53:32 EDT" duration-ms="4857" status="PASS">
          <reporter-output>
          </reporter-output>
        </test-method> <!-- setUp -->
        <test-method signature="verifySearchWithoutAnyProduct()[pri:3, instance:com.TutorialsNinja.Qa.TestCases.Search_Test@1d2adfbe]" started-at="2023-07-13T11:53:32 EDT" name="verifySearchWithoutAnyProduct" finished-at="2023-07-13T11:53:32 EDT" duration-ms="630" status="PASS">
          <reporter-output>
          </reporter-output>
        </test-method> <!-- verifySearchWithoutAnyProduct -->
        <test-method is-config="true" signature="tearDown()[pri:0, instance:com.TutorialsNinja.Qa.TestCases.Search_Test@1d2adfbe]" started-at="2023-07-13T11:53:32 EDT" name="tearDown" finished-at="2023-07-13T11:53:33 EDT" duration-ms="251" status="PASS">
          <reporter-output>
          </reporter-output>
        </test-method> <!-- tearDown -->
      </class> <!-- com.TutorialsNinja.Qa.TestCases.Search_Test -->
      <class name="com.TutorialsNinja.Qa.TestCases.Login_Test">
        <test-method is-config="true" signature="setUp()[pri:0, instance:com.TutorialsNinja.Qa.TestCases.Login_Test@49ec71f8]" started-at="2023-07-13T11:52:41 EDT" name="setUp" finished-at="2023-07-13T11:52:47 EDT" duration-ms="5495" status="PASS">
          <reporter-output>
          </reporter-output>
        </test-method> <!-- setUp -->
        <test-method signature="verifyLoginWithValidCredentials(java.lang.String,java.lang.String)[pri:1, instance:com.TutorialsNinja.Qa.TestCases.Login_Test@49ec71f8]" started-at="2023-07-13T11:52:47 EDT" name="verifyLoginWithValidCredentials" data-provider="credentialsSupplier" finished-at="2023-07-13T11:52:48 EDT" duration-ms="1198" status="PASS">
          <params>
            <param index="0">
              <value>
                <![CDATA[jalanapatel0301@gmail.com]]>
              </value>
            </param>
            <param index="1">
              <value>
                <![CDATA[123456789]]>
              </value>
            </param>
          </params>
          <reporter-output>
          </reporter-output>
        </test-method> <!-- verifyLoginWithValidCredentials -->
        <test-method is-config="true" signature="tearDown()[pri:0, instance:com.TutorialsNinja.Qa.TestCases.Login_Test@49ec71f8]" started-at="2023-07-13T11:52:48 EDT" name="tearDown" finished-at="2023-07-13T11:52:48 EDT" duration-ms="253" status="PASS">
          <reporter-output>
          </reporter-output>
        </test-method> <!-- tearDown -->
        <test-method is-config="true" signature="setUp()[pri:0, instance:com.TutorialsNinja.Qa.TestCases.Login_Test@49ec71f8]" started-at="2023-07-13T11:52:48 EDT" name="setUp" finished-at="2023-07-13T11:52:54 EDT" duration-ms="5615" status="PASS">
          <reporter-output>
          </reporter-output>
        </test-method> <!-- setUp -->
        <test-method signature="verifyLoginwithInvalidEmailValidPasswordCredentialsDynamic()[pri:2, instance:com.TutorialsNinja.Qa.TestCases.Login_Test@49ec71f8]" started-at="2023-07-13T11:52:54 EDT" name="verifyLoginwithInvalidEmailValidPasswordCredentialsDynamic" finished-at="2023-07-13T11:52:55 EDT" duration-ms="978" status="PASS">
          <reporter-output>
          </reporter-output>
        </test-method> <!-- verifyLoginwithInvalidEmailValidPasswordCredentialsDynamic -->
        <test-method is-config="true" signature="tearDown()[pri:0, instance:com.TutorialsNinja.Qa.TestCases.Login_Test@49ec71f8]" started-at="2023-07-13T11:52:55 EDT" name="tearDown" finished-at="2023-07-13T11:52:55 EDT" duration-ms="254" status="PASS">
          <reporter-output>
          </reporter-output>
        </test-method> <!-- tearDown -->
        <test-method is-config="true" signature="setUp()[pri:0, instance:com.TutorialsNinja.Qa.TestCases.Login_Test@49ec71f8]" started-at="2023-07-13T11:52:55 EDT" name="setUp" finished-at="2023-07-13T11:53:01 EDT" duration-ms="5516" status="PASS">
          <reporter-output>
          </reporter-output>
        </test-method> <!-- setUp -->
        <test-method signature="verifyLoginwithInvalidCredentials()[pri:3, instance:com.TutorialsNinja.Qa.TestCases.Login_Test@49ec71f8]" started-at="2023-07-13T11:53:01 EDT" name="verifyLoginwithInvalidCredentials" finished-at="2023-07-13T11:53:01 EDT" duration-ms="883" status="PASS">
          <reporter-output>
          </reporter-output>
        </test-method> <!-- verifyLoginwithInvalidCredentials -->
        <test-method is-config="true" signature="tearDown()[pri:0, instance:com.TutorialsNinja.Qa.TestCases.Login_Test@49ec71f8]" started-at="2023-07-13T11:53:01 EDT" name="tearDown" finished-at="2023-07-13T11:53:02 EDT" duration-ms="196" status="PASS">
          <reporter-output>
          </reporter-output>
        </test-method> <!-- tearDown -->
        <test-method is-config="true" signature="setUp()[pri:0, instance:com.TutorialsNinja.Qa.TestCases.Login_Test@49ec71f8]" started-at="2023-07-13T11:53:02 EDT" name="setUp" finished-at="2023-07-13T11:53:07 EDT" duration-ms="5368" status="PASS">
          <reporter-output>
          </reporter-output>
        </test-method> <!-- setUp -->
        <test-method signature="verifyLoginwithValidEmailInvalidPassword()[pri:4, instance:com.TutorialsNinja.Qa.TestCases.Login_Test@49ec71f8]" started-at="2023-07-13T11:53:07 EDT" name="verifyLoginwithValidEmailInvalidPassword" finished-at="2023-07-13T11:53:08 EDT" duration-ms="887" status="PASS">
          <reporter-output>
          </reporter-output>
        </test-method> <!-- verifyLoginwithValidEmailInvalidPassword -->
        <test-method is-config="true" signature="tearDown()[pri:0, instance:com.TutorialsNinja.Qa.TestCases.Login_Test@49ec71f8]" started-at="2023-07-13T11:53:08 EDT" name="tearDown" finished-at="2023-07-13T11:53:08 EDT" duration-ms="198" status="PASS">
          <reporter-output>
          </reporter-output>
        </test-method> <!-- tearDown -->
        <test-method is-config="true" signature="setUp()[pri:0, instance:com.TutorialsNinja.Qa.TestCases.Login_Test@49ec71f8]" started-at="2023-07-13T11:53:08 EDT" name="setUp" finished-at="2023-07-13T11:53:14 EDT" duration-ms="5776" status="PASS">
          <reporter-output>
          </reporter-output>
        </test-method> <!-- setUp -->
        <test-method signature="verifyLoginWithoutProvidingCredentials()[pri:5, instance:com.TutorialsNinja.Qa.TestCases.Login_Test@49ec71f8]" started-at="2023-07-13T11:53:14 EDT" name="verifyLoginWithoutProvidingCredentials" finished-at="2023-07-13T11:53:15 EDT" duration-ms="642" status="PASS">
          <reporter-output>
          </reporter-output>
        </test-method> <!-- verifyLoginWithoutProvidingCredentials -->
        <test-method is-config="true" signature="tearDown()[pri:0, instance:com.TutorialsNinja.Qa.TestCases.Login_Test@49ec71f8]" started-at="2023-07-13T11:53:15 EDT" name="tearDown" finished-at="2023-07-13T11:53:15 EDT" duration-ms="235" status="PASS">
          <reporter-output>
          </reporter-output>
        </test-method> <!-- tearDown -->
      </class> <!-- com.TutorialsNinja.Qa.TestCases.Login_Test -->
    </test> <!-- Test TutorialNinja ITestListener ScreenShot -->
  </suite> <!-- Suite -->
</testng-results>
